{"/Users/kamal369/xische/config.js": {"path":"/Users/kamal369/xische/config.js","all":true,"statementMap":{"0":{"start":{"line":1,"column":0},"end":{"line":1,"column":23}},"1":{"start":{"line":2,"column":0},"end":{"line":2,"column":39}},"2":{"start":{"line":3,"column":0},"end":{"line":3,"column":2}}},"s":{"0":0,"1":0,"2":0},"branchMap":{"0":{"type":"branch","line":1,"loc":{"start":{"line":1,"column":7},"end":{"line":3,"column":-2}},"locations":[{"start":{"line":1,"column":7},"end":{"line":3,"column":-2}}]}},"b":{"0":[0]},"fnMap":{"0":{"name":"(empty-report)","decl":{"start":{"line":1,"column":7},"end":{"line":3,"column":-2}},"loc":{"start":{"line":1,"column":7},"end":{"line":3,"column":-2}},"line":1}},"f":{"0":0}}
,"/Users/kamal369/xische/jest.setup.js": {"path":"/Users/kamal369/xische/jest.setup.js","all":true,"statementMap":{"0":{"start":{"line":1,"column":0},"end":{"line":1,"column":35}},"1":{"start":{"line":2,"column":0},"end":{"line":2,"column":0}},"2":{"start":{"line":3,"column":0},"end":{"line":3,"column":23}},"3":{"start":{"line":4,"column":0},"end":{"line":4,"column":17}},"4":{"start":{"line":5,"column":0},"end":{"line":5,"column":9}},"5":{"start":{"line":6,"column":0},"end":{"line":6,"column":10}},"6":{"start":{"line":7,"column":0},"end":{"line":7,"column":35}},"7":{"start":{"line":8,"column":0},"end":{"line":8,"column":6}},"8":{"start":{"line":9,"column":0},"end":{"line":9,"column":4}},"9":{"start":{"line":10,"column":0},"end":{"line":10,"column":2}}},"s":{"0":0,"1":0,"2":0,"3":0,"4":0,"5":0,"6":0,"7":0,"8":0,"9":0},"branchMap":{"0":{"type":"branch","line":1,"loc":{"start":{"line":1,"column":0},"end":{"line":10,"column":-46}},"locations":[{"start":{"line":1,"column":0},"end":{"line":10,"column":-46}}]}},"b":{"0":[0]},"fnMap":{"0":{"name":"(empty-report)","decl":{"start":{"line":1,"column":0},"end":{"line":10,"column":-46}},"loc":{"start":{"line":1,"column":0},"end":{"line":10,"column":-46}},"line":1}},"f":{"0":0}}
,"/Users/kamal369/xische/src/App.jsx": {"path":"/Users/kamal369/xische/src/App.jsx","all":true,"statementMap":{"0":{"start":{"line":1,"column":0},"end":{"line":1,"column":51}},"1":{"start":{"line":2,"column":0},"end":{"line":2,"column":19}},"2":{"start":{"line":3,"column":0},"end":{"line":3,"column":46}},"4":{"start":{"line":5,"column":0},"end":{"line":5,"column":16}},"5":{"start":{"line":6,"column":0},"end":{"line":6,"column":25}},"6":{"start":{"line":7,"column":0},"end":{"line":7,"column":1}},"8":{"start":{"line":9,"column":0},"end":{"line":9,"column":19}}},"s":{"0":0,"1":0,"2":0,"4":0,"5":0,"6":0,"8":0},"branchMap":{"0":{"type":"branch","line":1,"loc":{"start":{"line":1,"column":185},"end":{"line":9,"column":19}},"locations":[{"start":{"line":1,"column":185},"end":{"line":9,"column":19}}]}},"b":{"0":[0]},"fnMap":{"0":{"name":"(empty-report)","decl":{"start":{"line":1,"column":185},"end":{"line":9,"column":19}},"loc":{"start":{"line":1,"column":185},"end":{"line":9,"column":19}},"line":1}},"f":{"0":0}}
,"/Users/kamal369/xische/src/main.jsx": {"path":"/Users/kamal369/xische/src/main.jsx","all":true,"statementMap":{"0":{"start":{"line":1,"column":0},"end":{"line":1,"column":34}},"1":{"start":{"line":2,"column":0},"end":{"line":2,"column":45}},"2":{"start":{"line":3,"column":0},"end":{"line":3,"column":20}},"3":{"start":{"line":4,"column":0},"end":{"line":4,"column":27}},"5":{"start":{"line":6,"column":0},"end":{"line":6,"column":51}},"6":{"start":{"line":7,"column":0},"end":{"line":7,"column":14}},"7":{"start":{"line":8,"column":0},"end":{"line":8,"column":11}},"8":{"start":{"line":9,"column":0},"end":{"line":9,"column":16}},"9":{"start":{"line":10,"column":0},"end":{"line":10,"column":1}}},"s":{"0":0,"1":0,"2":0,"3":0,"5":0,"6":0,"7":0,"8":0,"9":0},"branchMap":{"0":{"type":"branch","line":1,"loc":{"start":{"line":1,"column":228},"end":{"line":10,"column":1}},"locations":[{"start":{"line":1,"column":228},"end":{"line":10,"column":1}}]}},"b":{"0":[0]},"fnMap":{"0":{"name":"(empty-report)","decl":{"start":{"line":1,"column":228},"end":{"line":10,"column":1}},"loc":{"start":{"line":1,"column":228},"end":{"line":10,"column":1}},"line":1}},"f":{"0":0}}
,"/Users/kamal369/xische/src/components/Article.jsx": {"path":"/Users/kamal369/xische/src/components/Article.jsx","all":false,"statementMap":{"0":{"start":{"line":1,"column":0},"end":{"line":1,"column":26}},"1":{"start":{"line":2,"column":0},"end":{"line":2,"column":40}},"2":{"start":{"line":3,"column":0},"end":{"line":3,"column":50}},"4":{"start":{"line":5,"column":0},"end":{"line":5,"column":59}},"5":{"start":{"line":6,"column":0},"end":{"line":6,"column":10}},"6":{"start":{"line":7,"column":0},"end":{"line":7,"column":69}},"7":{"start":{"line":8,"column":0},"end":{"line":8,"column":55}},"8":{"start":{"line":9,"column":0},"end":{"line":9,"column":15}},"9":{"start":{"line":10,"column":0},"end":{"line":10,"column":25}},"10":{"start":{"line":11,"column":0},"end":{"line":11,"column":51}},"11":{"start":{"line":12,"column":0},"end":{"line":12,"column":12}},"12":{"start":{"line":13,"column":0},"end":{"line":13,"column":18}},"13":{"start":{"line":14,"column":0},"end":{"line":14,"column":27}},"14":{"start":{"line":15,"column":0},"end":{"line":15,"column":36}},"15":{"start":{"line":16,"column":0},"end":{"line":16,"column":28}},"16":{"start":{"line":17,"column":0},"end":{"line":17,"column":36}},"17":{"start":{"line":18,"column":0},"end":{"line":18,"column":12}},"19":{"start":{"line":20,"column":0},"end":{"line":20,"column":70}},"20":{"start":{"line":21,"column":0},"end":{"line":21,"column":27}},"21":{"start":{"line":22,"column":0},"end":{"line":22,"column":14}},"22":{"start":{"line":23,"column":0},"end":{"line":23,"column":23}},"23":{"start":{"line":24,"column":0},"end":{"line":24,"column":21}},"25":{"start":{"line":26,"column":0},"end":{"line":26,"column":2}},"27":{"start":{"line":28,"column":0},"end":{"line":28,"column":23}}},"s":{"0":1,"1":1,"2":1,"4":1,"5":3,"6":3,"7":3,"8":3,"9":3,"10":3,"11":3,"12":3,"13":3,"14":3,"15":3,"16":3,"17":3,"19":3,"20":3,"21":3,"22":3,"23":3,"25":3,"27":1},"branchMap":{"0":{"type":"branch","line":5,"loc":{"start":{"line":5,"column":16},"end":{"line":26,"column":2}},"locations":[{"start":{"line":5,"column":16},"end":{"line":26,"column":2}}]},"1":{"type":"branch","line":20,"loc":{"start":{"line":20,"column":11},"end":{"line":20,"column":70}},"locations":[{"start":{"line":20,"column":11},"end":{"line":20,"column":70}}]}},"b":{"0":[3],"1":[2]},"fnMap":{"0":{"name":"Article","decl":{"start":{"line":5,"column":16},"end":{"line":26,"column":2}},"loc":{"start":{"line":5,"column":16},"end":{"line":26,"column":2}},"line":5}},"f":{"0":3}}
,"/Users/kamal369/xische/src/components/ArticleList.jsx": {"path":"/Users/kamal369/xische/src/components/ArticleList.jsx","all":false,"statementMap":{"0":{"start":{"line":1,"column":0},"end":{"line":1,"column":26}},"1":{"start":{"line":2,"column":0},"end":{"line":2,"column":69}},"2":{"start":{"line":3,"column":0},"end":{"line":3,"column":32}},"3":{"start":{"line":4,"column":0},"end":{"line":4,"column":50}},"5":{"start":{"line":6,"column":0},"end":{"line":6,"column":27}},"6":{"start":{"line":7,"column":0},"end":{"line":7,"column":64}},"8":{"start":{"line":9,"column":0},"end":{"line":9,"column":44}},"9":{"start":{"line":10,"column":0},"end":{"line":10,"column":35}},"11":{"start":{"line":12,"column":0},"end":{"line":12,"column":10}},"12":{"start":{"line":13,"column":0},"end":{"line":13,"column":6}},"13":{"start":{"line":14,"column":0},"end":{"line":14,"column":51}},"14":{"start":{"line":15,"column":0},"end":{"line":15,"column":17}},"15":{"start":{"line":16,"column":0},"end":{"line":16,"column":43}},"16":{"start":{"line":17,"column":0},"end":{"line":17,"column":18}},"17":{"start":{"line":18,"column":0},"end":{"line":18,"column":23}},"18":{"start":{"line":19,"column":0},"end":{"line":19,"column":33}},"19":{"start":{"line":20,"column":0},"end":{"line":20,"column":39}},"20":{"start":{"line":21,"column":0},"end":{"line":21,"column":28}},"21":{"start":{"line":22,"column":0},"end":{"line":22,"column":36}},"22":{"start":{"line":23,"column":0},"end":{"line":23,"column":12}},"23":{"start":{"line":24,"column":0},"end":{"line":24,"column":11}},"24":{"start":{"line":25,"column":0},"end":{"line":25,"column":18}},"25":{"start":{"line":26,"column":0},"end":{"line":26,"column":7}},"27":{"start":{"line":28,"column":0},"end":{"line":28,"column":2}},"29":{"start":{"line":30,"column":0},"end":{"line":30,"column":27}}},"s":{"0":1,"1":1,"2":1,"3":1,"5":1,"6":3,"8":3,"9":3,"11":1,"12":1,"13":1,"14":1,"15":1,"16":1,"17":1,"18":1,"19":1,"20":1,"21":1,"22":1,"23":1,"24":1,"25":1,"27":1,"29":1},"branchMap":{"0":{"type":"branch","line":6,"loc":{"start":{"line":6,"column":20},"end":{"line":28,"column":2}},"locations":[{"start":{"line":6,"column":20},"end":{"line":28,"column":2}}]},"1":{"type":"branch","line":9,"loc":{"start":{"line":9,"column":15},"end":{"line":9,"column":44}},"locations":[{"start":{"line":9,"column":15},"end":{"line":9,"column":44}}]},"2":{"type":"branch","line":9,"loc":{"start":{"line":9,"column":37},"end":{"line":10,"column":20}},"locations":[{"start":{"line":9,"column":37},"end":{"line":10,"column":20}}]},"3":{"type":"branch","line":10,"loc":{"start":{"line":10,"column":13},"end":{"line":28,"column":2}},"locations":[{"start":{"line":10,"column":13},"end":{"line":28,"column":2}}]},"4":{"type":"branch","line":16,"loc":{"start":{"line":16,"column":22},"end":{"line":23,"column":12}},"locations":[{"start":{"line":16,"column":22},"end":{"line":23,"column":12}}]}},"b":{"0":[3],"1":[1],"2":[2],"3":[1],"4":[1]},"fnMap":{"0":{"name":"ArticleList","decl":{"start":{"line":6,"column":20},"end":{"line":28,"column":2}},"loc":{"start":{"line":6,"column":20},"end":{"line":28,"column":2}},"line":6}},"f":{"0":3}}
,"/Users/kamal369/xische/src/hooks/useMostPopularArticles.js": {"path":"/Users/kamal369/xische/src/hooks/useMostPopularArticles.js","all":false,"statementMap":{"0":{"start":{"line":1,"column":0},"end":{"line":1,"column":67}},"1":{"start":{"line":2,"column":0},"end":{"line":2,"column":86}},"2":{"start":{"line":3,"column":0},"end":{"line":3,"column":0}},"3":{"start":{"line":4,"column":0},"end":{"line":4,"column":38}},"4":{"start":{"line":5,"column":0},"end":{"line":5,"column":47}},"5":{"start":{"line":6,"column":0},"end":{"line":6,"column":47}},"6":{"start":{"line":7,"column":0},"end":{"line":7,"column":43}},"7":{"start":{"line":8,"column":0},"end":{"line":8,"column":0}},"8":{"start":{"line":9,"column":0},"end":{"line":9,"column":46}},"9":{"start":{"line":10,"column":0},"end":{"line":10,"column":9}},"10":{"start":{"line":11,"column":0},"end":{"line":11,"column":52}},"11":{"start":{"line":12,"column":0},"end":{"line":12,"column":41}},"12":{"start":{"line":13,"column":0},"end":{"line":13,"column":26}},"13":{"start":{"line":14,"column":0},"end":{"line":14,"column":32}},"14":{"start":{"line":15,"column":0},"end":{"line":15,"column":64}},"15":{"start":{"line":16,"column":0},"end":{"line":16,"column":10}},"16":{"start":{"line":17,"column":0},"end":{"line":17,"column":27}},"17":{"start":{"line":18,"column":0},"end":{"line":18,"column":19}},"18":{"start":{"line":19,"column":0},"end":{"line":19,"column":28}},"19":{"start":{"line":20,"column":0},"end":{"line":20,"column":15}},"20":{"start":{"line":21,"column":0},"end":{"line":21,"column":24}},"21":{"start":{"line":22,"column":0},"end":{"line":22,"column":5}},"22":{"start":{"line":23,"column":0},"end":{"line":23,"column":4}},"23":{"start":{"line":24,"column":0},"end":{"line":24,"column":0}},"24":{"start":{"line":25,"column":0},"end":{"line":25,"column":19}},"25":{"start":{"line":26,"column":0},"end":{"line":26,"column":29}},"26":{"start":{"line":27,"column":0},"end":{"line":27,"column":9}},"27":{"start":{"line":28,"column":0},"end":{"line":28,"column":0}},"28":{"start":{"line":29,"column":0},"end":{"line":29,"column":38}},"29":{"start":{"line":30,"column":0},"end":{"line":30,"column":2}},"30":{"start":{"line":31,"column":0},"end":{"line":31,"column":0}},"31":{"start":{"line":32,"column":0},"end":{"line":32,"column":38}}},"s":{"0":1,"1":1,"2":1,"3":1,"4":4,"5":4,"6":4,"7":4,"8":4,"9":2,"10":2,"11":1,"12":1,"13":1,"14":1,"15":1,"16":1,"17":1,"18":1,"19":2,"20":2,"21":2,"22":4,"23":4,"24":4,"25":2,"26":4,"27":4,"28":4,"29":4,"30":1,"31":1},"branchMap":{"0":{"type":"branch","line":4,"loc":{"start":{"line":4,"column":31},"end":{"line":30,"column":2}},"locations":[{"start":{"line":4,"column":31},"end":{"line":30,"column":2}}]},"1":{"type":"branch","line":9,"loc":{"start":{"line":9,"column":33},"end":{"line":23,"column":3}},"locations":[{"start":{"line":9,"column":33},"end":{"line":23,"column":3}}]},"2":{"type":"branch","line":12,"loc":{"start":{"line":12,"column":-1},"end":{"line":20,"column":5}},"locations":[{"start":{"line":12,"column":-1},"end":{"line":20,"column":5}}]},"3":{"type":"branch","line":12,"loc":{"start":{"line":12,"column":29},"end":{"line":16,"column":8}},"locations":[{"start":{"line":12,"column":29},"end":{"line":16,"column":8}}]},"4":{"type":"branch","line":25,"loc":{"start":{"line":25,"column":12},"end":{"line":27,"column":3}},"locations":[{"start":{"line":25,"column":12},"end":{"line":27,"column":3}}]}},"b":{"0":[4],"1":[2],"2":[1],"3":[1],"4":[2]},"fnMap":{"0":{"name":"useMostPopularArticles","decl":{"start":{"line":4,"column":31},"end":{"line":30,"column":2}},"loc":{"start":{"line":4,"column":31},"end":{"line":30,"column":2}},"line":4},"1":{"name":"getMostPopularArticles","decl":{"start":{"line":9,"column":33},"end":{"line":23,"column":3}},"loc":{"start":{"line":9,"column":33},"end":{"line":23,"column":3}},"line":9}},"f":{"0":4,"1":2}}
,"/Users/kamal369/xische/src/services/mostPopularArticleService.js": {"path":"/Users/kamal369/xische/src/services/mostPopularArticleService.js","all":false,"statementMap":{"0":{"start":{"line":1,"column":0},"end":{"line":1,"column":49}},"3":{"start":{"line":4,"column":0},"end":{"line":4,"column":30}},"5":{"start":{"line":6,"column":0},"end":{"line":6,"column":48}},"7":{"start":{"line":8,"column":0},"end":{"line":8,"column":46}},"9":{"start":{"line":10,"column":0},"end":{"line":10,"column":53}},"10":{"start":{"line":11,"column":0},"end":{"line":11,"column":7}},"11":{"start":{"line":12,"column":0},"end":{"line":12,"column":32}},"12":{"start":{"line":13,"column":0},"end":{"line":13,"column":66}},"13":{"start":{"line":14,"column":0},"end":{"line":14,"column":6}},"14":{"start":{"line":15,"column":0},"end":{"line":15,"column":30}},"15":{"start":{"line":16,"column":0},"end":{"line":16,"column":50}},"16":{"start":{"line":17,"column":0},"end":{"line":17,"column":5}},"17":{"start":{"line":18,"column":0},"end":{"line":18,"column":28}},"18":{"start":{"line":19,"column":0},"end":{"line":19,"column":17}},"19":{"start":{"line":20,"column":0},"end":{"line":20,"column":33}},"20":{"start":{"line":21,"column":0},"end":{"line":21,"column":3}},"21":{"start":{"line":22,"column":0},"end":{"line":22,"column":2}}},"s":{"0":1,"3":1,"5":1,"7":1,"9":1,"10":2,"11":2,"12":2,"13":2,"14":2,"15":0,"16":0,"17":1,"18":1,"19":1,"20":1,"21":2},"branchMap":{"0":{"type":"branch","line":10,"loc":{"start":{"line":10,"column":40},"end":{"line":22,"column":2}},"locations":[{"start":{"line":10,"column":40},"end":{"line":22,"column":2}}]},"1":{"type":"branch","line":14,"loc":{"start":{"line":14,"column":5},"end":{"line":15,"column":29}},"locations":[{"start":{"line":14,"column":5},"end":{"line":15,"column":29}}]},"2":{"type":"branch","line":15,"loc":{"start":{"line":15,"column":29},"end":{"line":17,"column":5}},"locations":[{"start":{"line":15,"column":29},"end":{"line":17,"column":5}}]},"3":{"type":"branch","line":17,"loc":{"start":{"line":17,"column":4},"end":{"line":21,"column":3}},"locations":[{"start":{"line":17,"column":4},"end":{"line":21,"column":3}}]}},"b":{"0":[2],"1":[1],"2":[0],"3":[1]},"fnMap":{"0":{"name":"fetchMostPopularArticles","decl":{"start":{"line":10,"column":40},"end":{"line":22,"column":2}},"loc":{"start":{"line":10,"column":40},"end":{"line":22,"column":2}},"line":10}},"f":{"0":2}}
}
